[ 25%] [32mBuilding CXX object CMakeFiles/scan_Twi_Client.dir/src/Scan_Twi_Client.cpp.o[0m
[ 50%] [32mBuilding CXX object CMakeFiles/scan_Twi_Server.dir/src/Scan_Twi_Server.cpp.o[0m
[01m[K/home/vboxuser/ros2_ws/src/my_package/src/Scan_Twi_Client.cpp:[m[K In function â€˜[01m[Kint main(int, char**)[m[Kâ€™:
[01m[K/home/vboxuser/ros2_ws/src/my_package/src/Scan_Twi_Client.cpp:14:3:[m[K [01;31m[Kerror: [m[Kexpected initializer before â€˜[01m[Krclcpp[m[Kâ€™
   14 |   [01;31m[Krclcpp[m[K::init(argc, argv);
      |   [01;31m[K^~~~~~[m[K
[01m[K/home/vboxuser/ros2_ws/src/my_package/src/Scan_Twi_Client.cpp:17:42:[m[K [01;31m[Kerror: [m[Kâ€˜[01m[KScan_Twi[m[Kâ€™ is not a member of â€˜[01m[Kcustom_interfaces::srv[m[Kâ€™; did you mean â€˜[01m[KScanTwi[m[Kâ€™?
   17 |   rclcpp::Client<custom_interfaces::srv::[01;31m[KScan_Twi[m[K>::SharedPtr client =
      |                                          [01;31m[K^~~~~~~~[m[K
      |                                          [32m[KScanTwi[m[K
[01m[K/home/vboxuser/ros2_ws/src/my_package/src/Scan_Twi_Client.cpp:17:50:[m[K [01;31m[Kerror: [m[Ktemplate argument 1 is invalid
   17 |   rclcpp::Client<custom_interfaces::srv::Scan_Twi[01;31m[K>[m[K::SharedPtr client =
      |                                                  [01;31m[K^[m[K
[01m[K/home/vboxuser/ros2_ws/src/my_package/src/Scan_Twi_Client.cpp:17:63:[m[K [01;31m[Kerror: [m[Kexpected initializer before â€˜[01m[Kclient[m[Kâ€™
   17 |   rclcpp::Client<custom_interfaces::srv::Scan_Twi>::SharedPtr [01;31m[Kclient[m[K =
      |                                                               [01;31m[K^~~~~~[m[K
[01m[K/home/vboxuser/ros2_ws/src/my_package/src/Scan_Twi_Client.cpp:20:59:[m[K [01;31m[Kerror: [m[Kâ€˜[01m[KScan_Twi[m[Kâ€™ is not a member of â€˜[01m[Kcustom_interfaces::srv[m[Kâ€™; did you mean â€˜[01m[KScanTwi[m[Kâ€™?
   20 |   auto request = std::make_shared<custom_interfaces::srv::[01;31m[KScan_Twi[m[K::Request>();
      |                                                           [01;31m[K^~~~~~~~[m[K
      |                                                           [32m[KScanTwi[m[K
[01m[K/home/vboxuser/ros2_ws/src/my_package/src/Scan_Twi_Client.cpp:20:23:[m[K [01;31m[Kerror: [m[Kparse error in template argument list
   20 |   auto request = std::[01;31m[Kmake_shared<custom_interfaces::srv::Scan_Twi::Request>[m[K();
      |                       [01;31m[K^~~~~~~~~~~~~~~~~~~~~~~~~~~~~~~~~~~~~~~~~~~~~~~~~~~~~~[m[K
[01m[K/home/vboxuser/ros2_ws/src/my_package/src/Scan_Twi_Client.cpp:20:77:[m[K [01;31m[Kerror: [m[Kno matching function for call to â€˜[01m[Kmake_shared<<expression error> >()[m[Kâ€™
   20 |   auto request = [01;31m[Kstd::make_shared<custom_interfaces::srv::Scan_Twi::Request>()[m[K;
      |                  [01;31m[K~~~~~~~~~~~~~~~~~~~~~~~~~~~~~~~~~~~~~~~~~~~~~~~~~~~~~~~~~~~^~[m[K
In file included from [01m[K/usr/include/c++/11/memory:77[m[K,
                 from [01m[K/home/vboxuser/ros2_humble/install/rclcpp/include/rclcpp/rclcpp/rclcpp.hpp:153[m[K,
                 from [01m[K/home/vboxuser/ros2_ws/src/my_package/src/Scan_Twi_Client.cpp:1[m[K:
[01m[K/usr/include/c++/11/bits/shared_ptr.h:875:5:[m[K [01;36m[Knote: [m[Kcandidate: â€˜[01m[Ktemplate<class _Tp, class ... _Args> std::shared_ptr<_Tp> std::make_shared(_Args&& ...)[m[Kâ€™
  875 |     [01;36m[Kmake_shared[m[K(_Args&&... __args)
      |     [01;36m[K^~~~~~~~~~~[m[K
[01m[K/usr/include/c++/11/bits/shared_ptr.h:875:5:[m[K [01;36m[Knote: [m[K  template argument deduction/substitution failed:
[01m[K/home/vboxuser/ros2_ws/src/my_package/src/Scan_Twi_Client.cpp:20:77:[m[K [01;31m[Kerror: [m[Ktemplate argument 1 is invalid
   20 |   auto request = [01;31m[Kstd::make_shared<custom_interfaces::srv::Scan_Twi::Request>()[m[K;
      |                  [01;31m[K~~~~~~~~~~~~~~~~~~~~~~~~~~~~~~~~~~~~~~~~~~~~~~~~~~~~~~~~~~~^~[m[K
[01m[K/home/vboxuser/ros2_ws/src/my_package/src/Scan_Twi_Client.cpp:26:28:[m[K [01;31m[Kerror: [m[Kâ€˜[01m[Kinput[m[Kâ€™ was not declared in this scope; did you mean â€˜[01m[Kint[m[Kâ€™?
   26 |     std::getline(std::cin, [01;31m[Kinput[m[K);
      |                            [01;31m[K^~~~~[m[K
      |                            [32m[Kint[m[K
[01m[K/home/vboxuser/ros2_ws/src/my_package/src/Scan_Twi_Client.cpp:33:13:[m[K [01;31m[Kerror: [m[Kâ€˜[01m[Kclient[m[Kâ€™ was not declared in this scope
   33 |     while (![01;31m[Kclient[m[K->wait_for_service(1s)) { //process request
      |             [01;31m[K^~~~~~[m[K
[01m[K/home/vboxuser/ros2_ws/src/my_package/src/Scan_Twi_Client.cpp:42:19:[m[K [01;31m[Kerror: [m[Kâ€˜[01m[Kclient[m[Kâ€™ was not declared in this scope
   42 |     auto result = [01;31m[Kclient[m[K->async_send_request(request);
      |                   [01;31m[K^~~~~~[m[K
[01m[K/home/vboxuser/ros2_ws/src/my_package/src/Scan_Twi_Client.cpp:10:14:[m[K [01;35m[Kwarning: [m[Kunused parameter â€˜[01m[Kargc[m[Kâ€™ [[01;35m[K]8;;https://gcc.gnu.org/onlinedocs/gcc/Warning-Options.html#index-Wunused-parameter-Wunused-parameter]8;;[m[K]
   10 | int main([01;35m[Kint argc[m[K, char **argv)
      |          [01;35m[K~~~~^~~~[m[K
[01m[K/home/vboxuser/ros2_ws/src/my_package/src/Scan_Twi_Client.cpp:10:27:[m[K [01;35m[Kwarning: [m[Kunused parameter â€˜[01m[Kargv[m[Kâ€™ [[01;35m[K]8;;https://gcc.gnu.org/onlinedocs/gcc/Warning-Options.html#index-Wunused-parameter-Wunused-parameter]8;;[m[K]
   10 | int main(int argc, [01;35m[Kchar **argv[m[K)
      |                    [01;35m[K~~~~~~~^~~~[m[K
[01m[K/home/vboxuser/ros2_ws/src/my_package/src/Scan_Twi_Server.cpp:9:57:[m[K [01;31m[Kerror: [m[Kâ€˜[01m[KScan_Twi[m[Kâ€™ is not a member of â€˜[01m[Kcustom_interfaces::srv[m[Kâ€™; did you mean â€˜[01m[KScanTwi[m[Kâ€™?
    9 | void Scan(const std::shared_ptr<custom_interfaces::srv::[01;31m[KScan_Twi[m[K::Request> request,
      |                                                         [01;31m[K^~~~~~~~[m[K
      |                                                         [32m[KScanTwi[m[K
[01m[K/home/vboxuser/ros2_ws/src/my_package/src/Scan_Twi_Server.cpp:9:74:[m[K [01;31m[Kerror: [m[Ktemplate argument 1 is invalid
    9 | void Scan(const std::shared_ptr<custom_interfaces::srv::Scan_Twi::Request[01;31m[K>[m[K request,
      |                                                                          [01;31m[K^[m[K
[01m[K/home/vboxuser/ros2_ws/src/my_package/src/Scan_Twi_Server.cpp:9:57:[m[K [01;31m[Kerror: [m[Kâ€˜[01m[KScan_Twi[m[Kâ€™ is not a member of â€˜[01m[Kcustom_interfaces::srv[m[Kâ€™; did you mean â€˜[01m[KScanTwi[m[Kâ€™?
    9 | void Scan(const std::shared_ptr<custom_interfaces::srv::[01;31m[KScan_Twi[m[K::Request> request,
      |                                                         [01;31m[K^~~~~~~~[m[K
      |                                                         [32m[KScanTwi[m[K
[01m[K/home/vboxuser/ros2_ws/src/my_package/src/Scan_Twi_Server.cpp:9:74:[m[K [01;31m[Kerror: [m[Ktemplate argument 1 is invalid
    9 | void Scan(const std::shared_ptr<custom_interfaces::srv::Scan_Twi::Request[01;31m[K>[m[K request,
      |                                                                          [01;31m[K^[m[K
[01m[K/home/vboxuser/ros2_ws/src/my_package/src/Scan_Twi_Server.cpp:9:57:[m[K [01;31m[Kerror: [m[Kâ€˜[01m[KScan_Twi[m[Kâ€™ is not a member of â€˜[01m[Kcustom_interfaces::srv[m[Kâ€™; did you mean â€˜[01m[KScanTwi[m[Kâ€™?
    9 | void Scan(const std::shared_ptr<custom_interfaces::srv::[01;31m[KScan_Twi[m[K::Request> request,
      |                                                         [01;31m[K^~~~~~~~[m[K
      |                                                         [32m[KScanTwi[m[K
[01m[K/home/vboxuser/ros2_ws/src/my_package/src/Scan_Twi_Server.cpp:9:74:[m[K [01;31m[Kerror: [m[Ktemplate argument 1 is invalid
    9 | void Scan(const std::shared_ptr<custom_interfaces::srv::Scan_Twi::Request[01;31m[K>[m[K request,
      |                                                                          [01;31m[K^[m[K
[01m[K/home/vboxuser/ros2_ws/src/my_package/src/Scan_Twi_Server.cpp:9:17:[m[K [01;31m[Kerror: [m[Kinvalid template-id
    9 | void Scan(const [01;31m[Kstd[m[K::shared_ptr<custom_interfaces::srv::Scan_Twi::Request> request,
      |                 [01;31m[K^~~[m[K
[01m[K/home/vboxuser/ros2_ws/src/my_package/src/Scan_Twi_Server.cpp:9:57:[m[K [01;31m[Kerror: [m[Kâ€˜[01m[KScan_Twi[m[Kâ€™ is not a member of â€˜[01m[Kcustom_interfaces::srv[m[Kâ€™; did you mean â€˜[01m[KScanTwi[m[Kâ€™?
    9 | void Scan(const std::shared_ptr<custom_interfaces::srv::[01;31m[KScan_Twi[m[K::Request> request,
      |                                                         [01;31m[K^~~~~~~~[m[K
      |                                                         [32m[KScanTwi[m[K
[01m[K/home/vboxuser/ros2_ws/src/my_package/src/Scan_Twi_Server.cpp:9:6:[m[K [01;31m[Kerror: [m[Kvariable or field â€˜[01m[KScan[m[Kâ€™ declared void
    9 | void [01;31m[KScan[m[K(const std::shared_ptr<custom_interfaces::srv::Scan_Twi::Request> request,
      |      [01;31m[K^~~~[m[K
[01m[K/home/vboxuser/ros2_ws/src/my_package/src/Scan_Twi_Server.cpp:9:11:[m[K [01;31m[Kerror: [m[Kexpected primary-expression before â€˜[01m[Kconst[m[Kâ€™
    9 | void Scan([01;31m[Kconst[m[K std::shared_ptr<custom_interfaces::srv::Scan_Twi::Request> request,
      |           [01;31m[K^~~~~[m[K
[01m[K/home/vboxuser/ros2_ws/src/my_package/src/Scan_Twi_Server.cpp:10:51:[m[K [01;31m[Kerror: [m[Kâ€˜[01m[KScan_Twi[m[Kâ€™ is not a member of â€˜[01m[Kcustom_interfaces::srv[m[Kâ€™; did you mean â€˜[01m[KScanTwi[m[Kâ€™?
   10 |           std::shared_ptr<custom_interfaces::srv::[01;31m[KScan_Twi[m[K::Response>      response)
      |                                                   [01;31m[K^~~~~~~~[m[K
      |                                                   [32m[KScanTwi[m[K
[01m[K/home/vboxuser/ros2_ws/src/my_package/src/Scan_Twi_Server.cpp:10:69:[m[K [01;31m[Kerror: [m[Ktemplate argument 1 is invalid
   10 |           std::shared_ptr<custom_interfaces::srv::Scan_Twi::Response[01;31m[K>[m[K      response)
      |                                                                     [01;31m[K^[m[K
[01m[K/home/vboxuser/ros2_ws/src/my_package/src/Scan_Twi_Server.cpp:[m[K In function â€˜[01m[Kint main(int, char**)[m[Kâ€™:
[01m[K/home/vboxuser/ros2_ws/src/my_package/src/Scan_Twi_Server.cpp:27:19:[m[K [01;31m[Kerror: [m[Kâ€˜[01m[Kustom_interfaces[m[Kâ€™ was not declared in this scope; did you mean â€˜[01m[Kcustom_interfaces[m[Kâ€™?
   27 |   rclcpp::Service<[01;31m[Kustom_interfaces[m[K::srv::Scan_Twi>::SharedPtr service =
      |                   [01;31m[K^~~~~~~~~~~~~~~~[m[K
      |                   [32m[Kcustom_interfaces[m[K
[01m[K/home/vboxuser/ros2_ws/src/my_package/src/Scan_Twi_Server.cpp:27:50:[m[K [01;31m[Kerror: [m[Ktemplate argument 1 is invalid
   27 |   rclcpp::Service<ustom_interfaces::srv::Scan_Twi[01;31m[K>[m[K::SharedPtr service =
      |                                                  [01;31m[K^[m[K
[01m[K/home/vboxuser/ros2_ws/src/my_package/src/Scan_Twi_Server.cpp:27:63:[m[K [01;31m[Kerror: [m[Kqualified-id in declaration before â€˜[01m[Kservice[m[Kâ€™
   27 |   rclcpp::Service<ustom_interfaces::srv::Scan_Twi>::SharedPtr [01;31m[Kservice[m[K =
      |                                                               [01;31m[K^~~~~~~[m[K
gmake[2]: *** [CMakeFiles/scan_Twi_Client.dir/build.make:76: CMakeFiles/scan_Twi_Client.dir/src/Scan_Twi_Client.cpp.o] Error 1
gmake[1]: *** [CMakeFiles/Makefile2:139: CMakeFiles/scan_Twi_Client.dir/all] Error 2
gmake[1]: *** Waiting for unfinished jobs....
gmake[2]: *** [CMakeFiles/scan_Twi_Server.dir/build.make:76: CMakeFiles/scan_Twi_Server.dir/src/Scan_Twi_Server.cpp.o] Error 1
gmake[1]: *** [CMakeFiles/Makefile2:165: CMakeFiles/scan_Twi_Server.dir/all] Error 2
gmake: *** [Makefile:146: all] Error 2
