[0.076s] Invoking command in '/home/vboxuser/ros2_ws/build/my_package': CMAKE_PREFIX_PATH=${CMAKE_PREFIX_PATH}:/home/vboxuser/ros2_humble/install/rqt_bag_plugins:/home/vboxuser/ros2_humble/install/rqt_bag:/home/vboxuser/ros2_humble/install/ros2bag:/home/vboxuser/ros2_humble/install/tracetools_test:/home/vboxuser/ros2_humble/install/tracetools_launch:/home/vboxuser/ros2_humble/install/topic_monitor:/home/vboxuser/ros2_humble/install/tf2_tools:/home/vboxuser/ros2_humble/install/examples_tf2_py:/home/vboxuser/ros2_humble/install/tf2_ros_py:/home/vboxuser/ros2_humble/install/sros2:/home/vboxuser/ros2_humble/install/rqt_topic:/home/vboxuser/ros2_humble/install/rqt_srv:/home/vboxuser/ros2_humble/install/rqt_shell:/home/vboxuser/ros2_humble/install/rqt_service_caller:/home/vboxuser/ros2_humble/install/rqt_reconfigure:/home/vboxuser/ros2_humble/install/rqt_py_console:/home/vboxuser/ros2_humble/install/rqt_publisher:/home/vboxuser/ros2_humble/install/rqt_plot:/home/vboxuser/ros2_humble/install/rqt_action:/home/vboxuser/ros2_humble/install/rqt_msg:/home/vboxuser/ros2_humble/install/rqt_console:/home/vboxuser/ros2_humble/install/rqt:/home/vboxuser/ros2_humble/install/rqt_graph:/home/vboxuser/ros2_humble/install/rqt_gui_py:/home/vboxuser/ros2_humble/install/rqt_gui:/home/vboxuser/ros2_humble/install/ros2trace:/home/vboxuser/ros2_humble/install/ros2topic:/home/vboxuser/ros2_humble/install/ros2test:/home/vboxuser/ros2_humble/install/ros2component:/home/vboxuser/ros2_humble/install/ros2param:/home/vboxuser/ros2_humble/install/ros2lifecycle:/home/vboxuser/ros2_humble/install/ros2service:/home/vboxuser/ros2_humble/install/ros2run:/home/vboxuser/ros2_humble/install/ros2launch:/home/vboxuser/ros2_humble/install/ros2pkg:/home/vboxuser/ros2_humble/install/ros2node:/home/vboxuser/ros2_humble/install/ros2multicast:/home/vboxuser/ros2_humble/install/ros2interface:/home/vboxuser/ros2_humble/install/ros2doctor:/home/vboxuser/ros2_humble/install/ros2action:/home/vboxuser/ros2_humble/install/ros2cli:/home/vboxuser/ros2_humble/install/quality_of_service_demo_py:/home/vboxuser/ros2_humble/install/lifecycle_py:/home/vboxuser/ros2_humble/install/launch_testing_ros:/home/vboxuser/ros2_humble/install/launch_ros:/home/vboxuser/ros2_humble/install/examples_rclpy_pointcloud_publisher:/home/vboxuser/ros2_humble/install/examples_rclpy_minimal_subscriber:/home/vboxuser/ros2_humble/install/examples_rclpy_minimal_service:/home/vboxuser/ros2_humble/install/examples_rclpy_minimal_publisher:/home/vboxuser/ros2_humble/install/examples_rclpy_minimal_client:/home/vboxuser/ros2_humble/install/examples_rclpy_minimal_action_server:/home/vboxuser/ros2_humble/install/examples_rclpy_minimal_action_client:/home/vboxuser/ros2_humble/install/examples_rclpy_guard_conditions:/home/vboxuser/ros2_humble/install/examples_rclpy_executors:/home/vboxuser/ros2_humble/install/demo_nodes_py:/home/vboxuser/ros2_humble/install/action_tutorials_py:/home/vboxuser/ros2_humble/install/ament_uncrustify:/home/vboxuser/ros2_humble/install/tracetools_trace:/home/vboxuser/ros2_humble/install/tracetools_read:/home/vboxuser/ros2_humble/install/test_tracetools_launch:/home/vboxuser/ros2_humble/install/test_launch_ros:/home/vboxuser/ros2_humble/install/sensor_msgs_py:/home/vboxuser/ros2_humble/install/rpyutils:/home/vboxuser/ros2_humble/install/rosidl_runtime_py:/home/vboxuser/ros2_humble/install/rosidl_cli:/home/vboxuser/ros2_humble/install/launch_pytest:/home/vboxuser/ros2_humble/install/launch_testing:/home/vboxuser/ros2_humble/install/launch_yaml:/home/vboxuser/ros2_humble/install/launch_xml:/home/vboxuser/ros2_humble/install/launch:/home/vboxuser/ros2_humble/install/osrf_pycommon:/home/vboxuser/ros2_humble/install/launch_testing_examples:/home/vboxuser/ros2_humble/install/domain_coordinator:/home/vboxuser/ros2_humble/install/ament_xmllint:/home/vboxuser/ros2_humble/install/ament_pyflakes:/home/vboxuser/ros2_humble/install/ament_pycodestyle:/home/vboxuser/ros2_humble/install/ament_pep257:/home/vboxuser/ros2_humble/install/ament_pclint:/home/vboxuser/ros2_humble/install/ament_package:/home/vboxuser/ros2_humble/install/ament_mypy:/home/vboxuser/ros2_humble/install/ament_lint_cmake:/home/vboxuser/ros2_humble/install/ament_flake8:/home/vboxuser/ros2_humble/install/ament_copyright:/home/vboxuser/ros2_humble/install/ament_lint:/home/vboxuser/ros2_humble/install/ament_index_python:/home/vboxuser/ros2_humble/install/ament_cpplint:/home/vboxuser/ros2_humble/install/ament_cppcheck:/home/vboxuser/ros2_humble/install/ament_clang_tidy:/home/vboxuser/ros2_humble/install/ament_clang_format /usr/bin/cmake --build /home/vboxuser/ros2_ws/build/my_package -- -j4 -l4
[0.209s] [ 25%] [32mBuilding CXX object CMakeFiles/scan_Twi_Client.dir/src/Scan_Twi_Client.cpp.o[0m
[0.209s] [ 50%] [32mBuilding CXX object CMakeFiles/scan_Twi_Server.dir/src/Scan_Twi_Server.cpp.o[0m
[8.173s] [01m[K/home/vboxuser/ros2_ws/src/my_package/src/Scan_Twi_Client.cpp:[m[K In function â€˜[01m[Kint main(int, char**)[m[Kâ€™:
[8.173s] [01m[K/home/vboxuser/ros2_ws/src/my_package/src/Scan_Twi_Client.cpp:14:3:[m[K [01;31m[Kerror: [m[Kexpected initializer before â€˜[01m[Krclcpp[m[Kâ€™
[8.173s]    14 |   [01;31m[Krclcpp[m[K::init(argc, argv);
[8.173s]       |   [01;31m[K^~~~~~[m[K
[8.173s] [01m[K/home/vboxuser/ros2_ws/src/my_package/src/Scan_Twi_Client.cpp:17:42:[m[K [01;31m[Kerror: [m[Kâ€˜[01m[KScan_Twi[m[Kâ€™ is not a member of â€˜[01m[Kcustom_interfaces::srv[m[Kâ€™; did you mean â€˜[01m[KScanTwi[m[Kâ€™?
[8.173s]    17 |   rclcpp::Client<custom_interfaces::srv::[01;31m[KScan_Twi[m[K>::SharedPtr client =
[8.173s]       |                                          [01;31m[K^~~~~~~~[m[K
[8.173s]       |                                          [32m[KScanTwi[m[K
[8.173s] [01m[K/home/vboxuser/ros2_ws/src/my_package/src/Scan_Twi_Client.cpp:17:50:[m[K [01;31m[Kerror: [m[Ktemplate argument 1 is invalid
[8.173s]    17 |   rclcpp::Client<custom_interfaces::srv::Scan_Twi[01;31m[K>[m[K::SharedPtr client =
[8.174s]       |                                                  [01;31m[K^[m[K
[8.174s] [01m[K/home/vboxuser/ros2_ws/src/my_package/src/Scan_Twi_Client.cpp:17:63:[m[K [01;31m[Kerror: [m[Kexpected initializer before â€˜[01m[Kclient[m[Kâ€™
[8.174s]    17 |   rclcpp::Client<custom_interfaces::srv::Scan_Twi>::SharedPtr [01;31m[Kclient[m[K =
[8.174s]       |                                                               [01;31m[K^~~~~~[m[K
[8.175s] [01m[K/home/vboxuser/ros2_ws/src/my_package/src/Scan_Twi_Client.cpp:20:59:[m[K [01;31m[Kerror: [m[Kâ€˜[01m[KScan_Twi[m[Kâ€™ is not a member of â€˜[01m[Kcustom_interfaces::srv[m[Kâ€™; did you mean â€˜[01m[KScanTwi[m[Kâ€™?
[8.175s]    20 |   auto request = std::make_shared<custom_interfaces::srv::[01;31m[KScan_Twi[m[K::Request>();
[8.175s]       |                                                           [01;31m[K^~~~~~~~[m[K
[8.175s]       |                                                           [32m[KScanTwi[m[K
[8.176s] [01m[K/home/vboxuser/ros2_ws/src/my_package/src/Scan_Twi_Client.cpp:20:23:[m[K [01;31m[Kerror: [m[Kparse error in template argument list
[8.176s]    20 |   auto request = std::[01;31m[Kmake_shared<custom_interfaces::srv::Scan_Twi::Request>[m[K();
[8.176s]       |                       [01;31m[K^~~~~~~~~~~~~~~~~~~~~~~~~~~~~~~~~~~~~~~~~~~~~~~~~~~~~~[m[K
[8.176s] [01m[K/home/vboxuser/ros2_ws/src/my_package/src/Scan_Twi_Client.cpp:20:77:[m[K [01;31m[Kerror: [m[Kno matching function for call to â€˜[01m[Kmake_shared<<expression error> >()[m[Kâ€™
[8.176s]    20 |   auto request = [01;31m[Kstd::make_shared<custom_interfaces::srv::Scan_Twi::Request>()[m[K;
[8.176s]       |                  [01;31m[K~~~~~~~~~~~~~~~~~~~~~~~~~~~~~~~~~~~~~~~~~~~~~~~~~~~~~~~~~~~^~[m[K
[8.177s] In file included from [01m[K/usr/include/c++/11/memory:77[m[K,
[8.177s]                  from [01m[K/home/vboxuser/ros2_humble/install/rclcpp/include/rclcpp/rclcpp/rclcpp.hpp:153[m[K,
[8.177s]                  from [01m[K/home/vboxuser/ros2_ws/src/my_package/src/Scan_Twi_Client.cpp:1[m[K:
[8.178s] [01m[K/usr/include/c++/11/bits/shared_ptr.h:875:5:[m[K [01;36m[Knote: [m[Kcandidate: â€˜[01m[Ktemplate<class _Tp, class ... _Args> std::shared_ptr<_Tp> std::make_shared(_Args&& ...)[m[Kâ€™
[8.178s]   875 |     [01;36m[Kmake_shared[m[K(_Args&&... __args)
[8.178s]       |     [01;36m[K^~~~~~~~~~~[m[K
[8.178s] [01m[K/usr/include/c++/11/bits/shared_ptr.h:875:5:[m[K [01;36m[Knote: [m[K  template argument deduction/substitution failed:
[8.178s] [01m[K/home/vboxuser/ros2_ws/src/my_package/src/Scan_Twi_Client.cpp:20:77:[m[K [01;31m[Kerror: [m[Ktemplate argument 1 is invalid
[8.178s]    20 |   auto request = [01;31m[Kstd::make_shared<custom_interfaces::srv::Scan_Twi::Request>()[m[K;
[8.178s]       |                  [01;31m[K~~~~~~~~~~~~~~~~~~~~~~~~~~~~~~~~~~~~~~~~~~~~~~~~~~~~~~~~~~~^~[m[K
[8.182s] [01m[K/home/vboxuser/ros2_ws/src/my_package/src/Scan_Twi_Client.cpp:26:28:[m[K [01;31m[Kerror: [m[Kâ€˜[01m[Kinput[m[Kâ€™ was not declared in this scope; did you mean â€˜[01m[Kint[m[Kâ€™?
[8.182s]    26 |     std::getline(std::cin, [01;31m[Kinput[m[K);
[8.182s]       |                            [01;31m[K^~~~~[m[K
[8.182s]       |                            [32m[Kint[m[K
[8.185s] [01m[K/home/vboxuser/ros2_ws/src/my_package/src/Scan_Twi_Client.cpp:33:13:[m[K [01;31m[Kerror: [m[Kâ€˜[01m[Kclient[m[Kâ€™ was not declared in this scope
[8.185s]    33 |     while (![01;31m[Kclient[m[K->wait_for_service(1s)) { //process request
[8.185s]       |             [01;31m[K^~~~~~[m[K
[8.188s] [01m[K/home/vboxuser/ros2_ws/src/my_package/src/Scan_Twi_Client.cpp:42:19:[m[K [01;31m[Kerror: [m[Kâ€˜[01m[Kclient[m[Kâ€™ was not declared in this scope
[8.188s]    42 |     auto result = [01;31m[Kclient[m[K->async_send_request(request);
[8.188s]       |                   [01;31m[K^~~~~~[m[K
[8.193s] [01m[K/home/vboxuser/ros2_ws/src/my_package/src/Scan_Twi_Client.cpp:10:14:[m[K [01;35m[Kwarning: [m[Kunused parameter â€˜[01m[Kargc[m[Kâ€™ [[01;35m[K]8;;https://gcc.gnu.org/onlinedocs/gcc/Warning-Options.html#index-Wunused-parameter-Wunused-parameter]8;;[m[K]
[8.193s]    10 | int main([01;35m[Kint argc[m[K, char **argv)
[8.193s]       |          [01;35m[K~~~~^~~~[m[K
[8.193s] [01m[K/home/vboxuser/ros2_ws/src/my_package/src/Scan_Twi_Client.cpp:10:27:[m[K [01;35m[Kwarning: [m[Kunused parameter â€˜[01m[Kargv[m[Kâ€™ [[01;35m[K]8;;https://gcc.gnu.org/onlinedocs/gcc/Warning-Options.html#index-Wunused-parameter-Wunused-parameter]8;;[m[K]
[8.193s]    10 | int main(int argc, [01;35m[Kchar **argv[m[K)
[8.193s]       |                    [01;35m[K~~~~~~~^~~~[m[K
[8.205s] [01m[K/home/vboxuser/ros2_ws/src/my_package/src/Scan_Twi_Server.cpp:9:57:[m[K [01;31m[Kerror: [m[Kâ€˜[01m[KScan_Twi[m[Kâ€™ is not a member of â€˜[01m[Kcustom_interfaces::srv[m[Kâ€™; did you mean â€˜[01m[KScanTwi[m[Kâ€™?
[8.205s]     9 | void Scan(const std::shared_ptr<custom_interfaces::srv::[01;31m[KScan_Twi[m[K::Request> request,
[8.205s]       |                                                         [01;31m[K^~~~~~~~[m[K
[8.206s]       |                                                         [32m[KScanTwi[m[K
[8.206s] [01m[K/home/vboxuser/ros2_ws/src/my_package/src/Scan_Twi_Server.cpp:9:74:[m[K [01;31m[Kerror: [m[Ktemplate argument 1 is invalid
[8.206s]     9 | void Scan(const std::shared_ptr<custom_interfaces::srv::Scan_Twi::Request[01;31m[K>[m[K request,
[8.206s]       |                                                                          [01;31m[K^[m[K
[8.206s] [01m[K/home/vboxuser/ros2_ws/src/my_package/src/Scan_Twi_Server.cpp:9:57:[m[K [01;31m[Kerror: [m[Kâ€˜[01m[KScan_Twi[m[Kâ€™ is not a member of â€˜[01m[Kcustom_interfaces::srv[m[Kâ€™; did you mean â€˜[01m[KScanTwi[m[Kâ€™?
[8.206s]     9 | void Scan(const std::shared_ptr<custom_interfaces::srv::[01;31m[KScan_Twi[m[K::Request> request,
[8.206s]       |                                                         [01;31m[K^~~~~~~~[m[K
[8.206s]       |                                                         [32m[KScanTwi[m[K
[8.206s] [01m[K/home/vboxuser/ros2_ws/src/my_package/src/Scan_Twi_Server.cpp:9:74:[m[K [01;31m[Kerror: [m[Ktemplate argument 1 is invalid
[8.206s]     9 | void Scan(const std::shared_ptr<custom_interfaces::srv::Scan_Twi::Request[01;31m[K>[m[K request,
[8.206s]       |                                                                          [01;31m[K^[m[K
[8.206s] [01m[K/home/vboxuser/ros2_ws/src/my_package/src/Scan_Twi_Server.cpp:9:57:[m[K [01;31m[Kerror: [m[Kâ€˜[01m[KScan_Twi[m[Kâ€™ is not a member of â€˜[01m[Kcustom_interfaces::srv[m[Kâ€™; did you mean â€˜[01m[KScanTwi[m[Kâ€™?
[8.206s]     9 | void Scan(const std::shared_ptr<custom_interfaces::srv::[01;31m[KScan_Twi[m[K::Request> request,
[8.207s]       |                                                         [01;31m[K^~~~~~~~[m[K
[8.207s]       |                                                         [32m[KScanTwi[m[K
[8.207s] [01m[K/home/vboxuser/ros2_ws/src/my_package/src/Scan_Twi_Server.cpp:9:74:[m[K [01;31m[Kerror: [m[Ktemplate argument 1 is invalid
[8.207s]     9 | void Scan(const std::shared_ptr<custom_interfaces::srv::Scan_Twi::Request[01;31m[K>[m[K request,
[8.207s]       |                                                                          [01;31m[K^[m[K
[8.207s] [01m[K/home/vboxuser/ros2_ws/src/my_package/src/Scan_Twi_Server.cpp:9:17:[m[K [01;31m[Kerror: [m[Kinvalid template-id
[8.207s]     9 | void Scan(const [01;31m[Kstd[m[K::shared_ptr<custom_interfaces::srv::Scan_Twi::Request> request,
[8.207s]       |                 [01;31m[K^~~[m[K
[8.207s] [01m[K/home/vboxuser/ros2_ws/src/my_package/src/Scan_Twi_Server.cpp:9:57:[m[K [01;31m[Kerror: [m[Kâ€˜[01m[KScan_Twi[m[Kâ€™ is not a member of â€˜[01m[Kcustom_interfaces::srv[m[Kâ€™; did you mean â€˜[01m[KScanTwi[m[Kâ€™?
[8.207s]     9 | void Scan(const std::shared_ptr<custom_interfaces::srv::[01;31m[KScan_Twi[m[K::Request> request,
[8.207s]       |                                                         [01;31m[K^~~~~~~~[m[K
[8.207s]       |                                                         [32m[KScanTwi[m[K
[8.207s] [01m[K/home/vboxuser/ros2_ws/src/my_package/src/Scan_Twi_Server.cpp:9:6:[m[K [01;31m[Kerror: [m[Kvariable or field â€˜[01m[KScan[m[Kâ€™ declared void
[8.207s]     9 | void [01;31m[KScan[m[K(const std::shared_ptr<custom_interfaces::srv::Scan_Twi::Request> request,
[8.208s]       |      [01;31m[K^~~~[m[K
[8.208s] [01m[K/home/vboxuser/ros2_ws/src/my_package/src/Scan_Twi_Server.cpp:9:11:[m[K [01;31m[Kerror: [m[Kexpected primary-expression before â€˜[01m[Kconst[m[Kâ€™
[8.209s]     9 | void Scan([01;31m[Kconst[m[K std::shared_ptr<custom_interfaces::srv::Scan_Twi::Request> request,
[8.209s]       |           [01;31m[K^~~~~[m[K
[8.209s] [01m[K/home/vboxuser/ros2_ws/src/my_package/src/Scan_Twi_Server.cpp:10:51:[m[K [01;31m[Kerror: [m[Kâ€˜[01m[KScan_Twi[m[Kâ€™ is not a member of â€˜[01m[Kcustom_interfaces::srv[m[Kâ€™; did you mean â€˜[01m[KScanTwi[m[Kâ€™?
[8.209s]    10 |           std::shared_ptr<custom_interfaces::srv::[01;31m[KScan_Twi[m[K::Response>      response)
[8.209s]       |                                                   [01;31m[K^~~~~~~~[m[K
[8.209s]       |                                                   [32m[KScanTwi[m[K
[8.209s] [01m[K/home/vboxuser/ros2_ws/src/my_package/src/Scan_Twi_Server.cpp:10:69:[m[K [01;31m[Kerror: [m[Ktemplate argument 1 is invalid
[8.209s]    10 |           std::shared_ptr<custom_interfaces::srv::Scan_Twi::Response[01;31m[K>[m[K      response)
[8.209s]       |                                                                     [01;31m[K^[m[K
[8.215s] [01m[K/home/vboxuser/ros2_ws/src/my_package/src/Scan_Twi_Server.cpp:[m[K In function â€˜[01m[Kint main(int, char**)[m[Kâ€™:
[8.215s] [01m[K/home/vboxuser/ros2_ws/src/my_package/src/Scan_Twi_Server.cpp:27:19:[m[K [01;31m[Kerror: [m[Kâ€˜[01m[Kustom_interfaces[m[Kâ€™ was not declared in this scope; did you mean â€˜[01m[Kcustom_interfaces[m[Kâ€™?
[8.215s]    27 |   rclcpp::Service<[01;31m[Kustom_interfaces[m[K::srv::Scan_Twi>::SharedPtr service =
[8.216s]       |                   [01;31m[K^~~~~~~~~~~~~~~~[m[K
[8.216s]       |                   [32m[Kcustom_interfaces[m[K
[8.216s] [01m[K/home/vboxuser/ros2_ws/src/my_package/src/Scan_Twi_Server.cpp:27:50:[m[K [01;31m[Kerror: [m[Ktemplate argument 1 is invalid
[8.216s]    27 |   rclcpp::Service<ustom_interfaces::srv::Scan_Twi[01;31m[K>[m[K::SharedPtr service =
[8.217s]       |                                                  [01;31m[K^[m[K
[8.217s] [01m[K/home/vboxuser/ros2_ws/src/my_package/src/Scan_Twi_Server.cpp:27:63:[m[K [01;31m[Kerror: [m[Kqualified-id in declaration before â€˜[01m[Kservice[m[Kâ€™
[8.217s]    27 |   rclcpp::Service<ustom_interfaces::srv::Scan_Twi>::SharedPtr [01;31m[Kservice[m[K =
[8.217s]       |                                                               [01;31m[K^~~~~~~[m[K
[9.084s] gmake[2]: *** [CMakeFiles/scan_Twi_Client.dir/build.make:76: CMakeFiles/scan_Twi_Client.dir/src/Scan_Twi_Client.cpp.o] Error 1
[9.084s] gmake[1]: *** [CMakeFiles/Makefile2:139: CMakeFiles/scan_Twi_Client.dir/all] Error 2
[9.084s] gmake[1]: *** Waiting for unfinished jobs....
[9.088s] gmake[2]: *** [CMakeFiles/scan_Twi_Server.dir/build.make:76: CMakeFiles/scan_Twi_Server.dir/src/Scan_Twi_Server.cpp.o] Error 1
[9.089s] gmake[1]: *** [CMakeFiles/Makefile2:165: CMakeFiles/scan_Twi_Server.dir/all] Error 2
[9.090s] gmake: *** [Makefile:146: all] Error 2
[9.092s] Invoked command in '/home/vboxuser/ros2_ws/build/my_package' returned '2': CMAKE_PREFIX_PATH=${CMAKE_PREFIX_PATH}:/home/vboxuser/ros2_humble/install/rqt_bag_plugins:/home/vboxuser/ros2_humble/install/rqt_bag:/home/vboxuser/ros2_humble/install/ros2bag:/home/vboxuser/ros2_humble/install/tracetools_test:/home/vboxuser/ros2_humble/install/tracetools_launch:/home/vboxuser/ros2_humble/install/topic_monitor:/home/vboxuser/ros2_humble/install/tf2_tools:/home/vboxuser/ros2_humble/install/examples_tf2_py:/home/vboxuser/ros2_humble/install/tf2_ros_py:/home/vboxuser/ros2_humble/install/sros2:/home/vboxuser/ros2_humble/install/rqt_topic:/home/vboxuser/ros2_humble/install/rqt_srv:/home/vboxuser/ros2_humble/install/rqt_shell:/home/vboxuser/ros2_humble/install/rqt_service_caller:/home/vboxuser/ros2_humble/install/rqt_reconfigure:/home/vboxuser/ros2_humble/install/rqt_py_console:/home/vboxuser/ros2_humble/install/rqt_publisher:/home/vboxuser/ros2_humble/install/rqt_plot:/home/vboxuser/ros2_humble/install/rqt_action:/home/vboxuser/ros2_humble/install/rqt_msg:/home/vboxuser/ros2_humble/install/rqt_console:/home/vboxuser/ros2_humble/install/rqt:/home/vboxuser/ros2_humble/install/rqt_graph:/home/vboxuser/ros2_humble/install/rqt_gui_py:/home/vboxuser/ros2_humble/install/rqt_gui:/home/vboxuser/ros2_humble/install/ros2trace:/home/vboxuser/ros2_humble/install/ros2topic:/home/vboxuser/ros2_humble/install/ros2test:/home/vboxuser/ros2_humble/install/ros2component:/home/vboxuser/ros2_humble/install/ros2param:/home/vboxuser/ros2_humble/install/ros2lifecycle:/home/vboxuser/ros2_humble/install/ros2service:/home/vboxuser/ros2_humble/install/ros2run:/home/vboxuser/ros2_humble/install/ros2launch:/home/vboxuser/ros2_humble/install/ros2pkg:/home/vboxuser/ros2_humble/install/ros2node:/home/vboxuser/ros2_humble/install/ros2multicast:/home/vboxuser/ros2_humble/install/ros2interface:/home/vboxuser/ros2_humble/install/ros2doctor:/home/vboxuser/ros2_humble/install/ros2action:/home/vboxuser/ros2_humble/install/ros2cli:/home/vboxuser/ros2_humble/install/quality_of_service_demo_py:/home/vboxuser/ros2_humble/install/lifecycle_py:/home/vboxuser/ros2_humble/install/launch_testing_ros:/home/vboxuser/ros2_humble/install/launch_ros:/home/vboxuser/ros2_humble/install/examples_rclpy_pointcloud_publisher:/home/vboxuser/ros2_humble/install/examples_rclpy_minimal_subscriber:/home/vboxuser/ros2_humble/install/examples_rclpy_minimal_service:/home/vboxuser/ros2_humble/install/examples_rclpy_minimal_publisher:/home/vboxuser/ros2_humble/install/examples_rclpy_minimal_client:/home/vboxuser/ros2_humble/install/examples_rclpy_minimal_action_server:/home/vboxuser/ros2_humble/install/examples_rclpy_minimal_action_client:/home/vboxuser/ros2_humble/install/examples_rclpy_guard_conditions:/home/vboxuser/ros2_humble/install/examples_rclpy_executors:/home/vboxuser/ros2_humble/install/demo_nodes_py:/home/vboxuser/ros2_humble/install/action_tutorials_py:/home/vboxuser/ros2_humble/install/ament_uncrustify:/home/vboxuser/ros2_humble/install/tracetools_trace:/home/vboxuser/ros2_humble/install/tracetools_read:/home/vboxuser/ros2_humble/install/test_tracetools_launch:/home/vboxuser/ros2_humble/install/test_launch_ros:/home/vboxuser/ros2_humble/install/sensor_msgs_py:/home/vboxuser/ros2_humble/install/rpyutils:/home/vboxuser/ros2_humble/install/rosidl_runtime_py:/home/vboxuser/ros2_humble/install/rosidl_cli:/home/vboxuser/ros2_humble/install/launch_pytest:/home/vboxuser/ros2_humble/install/launch_testing:/home/vboxuser/ros2_humble/install/launch_yaml:/home/vboxuser/ros2_humble/install/launch_xml:/home/vboxuser/ros2_humble/install/launch:/home/vboxuser/ros2_humble/install/osrf_pycommon:/home/vboxuser/ros2_humble/install/launch_testing_examples:/home/vboxuser/ros2_humble/install/domain_coordinator:/home/vboxuser/ros2_humble/install/ament_xmllint:/home/vboxuser/ros2_humble/install/ament_pyflakes:/home/vboxuser/ros2_humble/install/ament_pycodestyle:/home/vboxuser/ros2_humble/install/ament_pep257:/home/vboxuser/ros2_humble/install/ament_pclint:/home/vboxuser/ros2_humble/install/ament_package:/home/vboxuser/ros2_humble/install/ament_mypy:/home/vboxuser/ros2_humble/install/ament_lint_cmake:/home/vboxuser/ros2_humble/install/ament_flake8:/home/vboxuser/ros2_humble/install/ament_copyright:/home/vboxuser/ros2_humble/install/ament_lint:/home/vboxuser/ros2_humble/install/ament_index_python:/home/vboxuser/ros2_humble/install/ament_cpplint:/home/vboxuser/ros2_humble/install/ament_cppcheck:/home/vboxuser/ros2_humble/install/ament_clang_tidy:/home/vboxuser/ros2_humble/install/ament_clang_format /usr/bin/cmake --build /home/vboxuser/ros2_ws/build/my_package -- -j4 -l4
