[35m[1mConsolidate compiler generated dependencies of target scan_Twi_Client[0m
[35m[1mConsolidate compiler generated dependencies of target scan_Twi_Server[0m
[ 50%] [32mBuilding CXX object CMakeFiles/scan_Twi_Server.dir/src/Scan_Twi_Server.cpp.o[0m
[ 50%] [32mBuilding CXX object CMakeFiles/scan_Twi_Client.dir/src/Scan_Twi_Client.cpp.o[0m
[01m[K/home/vboxuser/ros2_ws/src/my_package/src/Scan_Twi_Server.cpp:[m[K In function â€˜[01m[Kvoid Scan(std::shared_ptr<custom_interfaces::srv::ScanTwi_Request_<std::allocator<void> > >, std::shared_ptr<custom_interfaces::srv::ScanTwi_Response_<std::allocator<void> > >)[m[Kâ€™:
[01m[K/home/vboxuser/ros2_ws/src/my_package/src/Scan_Twi_Server.cpp:12:3:[m[K [01;31m[Kerror: [m[Kâ€˜[01m[Ktext[m[Kâ€™ was not declared in this scope
   12 |   [01;31m[Ktext[m[K = std::string("ddd");
      |   [01;31m[K^~~~[m[K
[01m[K/home/vboxuser/ros2_ws/src/my_package/src/Scan_Twi_Server.cpp:9:75:[m[K [01;35m[Kwarning: [m[Kunused parameter â€˜[01m[Krequest[m[Kâ€™ [[01;35m[K]8;;https://gcc.gnu.org/onlinedocs/gcc/Warning-Options.html#index-Wunused-parameter-Wunused-parameter]8;;[m[K]
    9 | void Scan([01;35m[Kconst std::shared_ptr<custom_interfaces::srv::ScanTwi::Request> request[m[K,
      |           [01;35m[K~~~~~~~~~~~~~~~~~~~~~~~~~~~~~~~~~~~~~~~~~~~~~~~~~~~~~~~~~~~~~~~~^~~~~~~[m[K
[01m[K/home/vboxuser/ros2_ws/src/my_package/src/Scan_Twi_Client.cpp:[m[K In function â€˜[01m[Kint main(int, char**)[m[Kâ€™:
[01m[K/home/vboxuser/ros2_ws/src/my_package/src/Scan_Twi_Client.cpp:25:28:[m[K [01;31m[Kerror: [m[Kâ€˜[01m[Kinput[m[Kâ€™ was not declared in this scope; did you mean â€˜[01m[Kint[m[Kâ€™?
   25 |     std::getline(std::cin, [01;31m[Kinput[m[K);
      |                            [01;31m[K^~~~~[m[K
      |                            [32m[Kint[m[K
In file included from [01m[K/home/vboxuser/ros2_humble/build/rclcpp/include/rclcpp/logging.hpp:24[m[K,
                 from [01m[K/home/vboxuser/ros2_humble/install/rclcpp/include/rclcpp/rclcpp/client.hpp:40[m[K,
                 from [01m[K/home/vboxuser/ros2_humble/install/rclcpp/include/rclcpp/rclcpp/callback_group.hpp:24[m[K,
                 from [01m[K/home/vboxuser/ros2_humble/install/rclcpp/include/rclcpp/rclcpp/any_executable.hpp:20[m[K,
                 from [01m[K/home/vboxuser/ros2_humble/install/rclcpp/include/rclcpp/rclcpp/memory_strategy.hpp:25[m[K,
                 from [01m[K/home/vboxuser/ros2_humble/install/rclcpp/include/rclcpp/rclcpp/memory_strategies.hpp:18[m[K,
                 from [01m[K/home/vboxuser/ros2_humble/install/rclcpp/include/rclcpp/rclcpp/executor_options.hpp:20[m[K,
                 from [01m[K/home/vboxuser/ros2_humble/install/rclcpp/include/rclcpp/rclcpp/executor.hpp:37[m[K,
                 from [01m[K/home/vboxuser/ros2_humble/install/rclcpp/include/rclcpp/rclcpp/executors/multi_threaded_executor.hpp:25[m[K,
                 from [01m[K/home/vboxuser/ros2_humble/install/rclcpp/include/rclcpp/rclcpp/executors.hpp:21[m[K,
                 from [01m[K/home/vboxuser/ros2_humble/install/rclcpp/include/rclcpp/rclcpp/rclcpp.hpp:155[m[K,
                 from [01m[K/home/vboxuser/ros2_ws/src/my_package/src/Scan_Twi_Client.cpp:1[m[K:
[01m[K/home/vboxuser/ros2_ws/src/my_package/src/Scan_Twi_Client.cpp:46:74:[m[K [01;31m[Kerror: [m[Kâ€˜[01m[Kusing element_type = struct custom_interfaces::srv::ScanTwi_Response_<std::allocator<void> >[m[Kâ€™ {aka â€˜[01m[Kstruct custom_interfaces::srv::ScanTwi_Response_<std::allocator<void> >[m[Kâ€™} has no member named â€˜[01m[Kresponse[m[Kâ€™
   46 |       RCLCPP_INFO(rclcpp::get_logger("rclcpp"), "Sum: %s", result.get()->[01;31m[Kresponse[m[K);
      |                                                                          [01;31m[K^~~~~~~~[m[K
gmake[2]: *** [CMakeFiles/scan_Twi_Server.dir/build.make:76: CMakeFiles/scan_Twi_Server.dir/src/Scan_Twi_Server.cpp.o] Error 1
gmake[1]: *** [CMakeFiles/Makefile2:165: CMakeFiles/scan_Twi_Server.dir/all] Error 2
gmake[1]: *** Waiting for unfinished jobs....
gmake[2]: *** [CMakeFiles/scan_Twi_Client.dir/build.make:76: CMakeFiles/scan_Twi_Client.dir/src/Scan_Twi_Client.cpp.o] Error 1
gmake[1]: *** [CMakeFiles/Makefile2:139: CMakeFiles/scan_Twi_Client.dir/all] Error 2
gmake: *** [Makefile:146: all] Error 2
