[01m[K/home/vboxuser/ros2_ws/src/cpp_pubsub/src/command_pub_function.cpp:[m[K In member function â€˜[01m[Kvoid CommandPublisher::timer_callback()[m[Kâ€™:
[01m[K/home/vboxuser/ros2_ws/src/cpp_pubsub/src/command_pub_function.cpp:61:24:[m[K [01;31m[Kerror: [m[Kno matching function for call to â€˜[01m[Kspin_some()[m[Kâ€™
   61 |       [01;31m[Krclcpp::spin_some()[m[K;
      |       [01;31m[K~~~~~~~~~~~~~~~~~^~[m[K
In file included from [01m[K/home/vboxuser/ros2_humble/install/rclcpp/include/rclcpp/rclcpp/rclcpp.hpp:155[m[K,
                 from [01m[K/home/vboxuser/ros2_ws/src/cpp_pubsub/src/command_pub_function.cpp:20[m[K:
[01m[K/home/vboxuser/ros2_humble/install/rclcpp/include/rclcpp/rclcpp/executors.hpp:35:1:[m[K [01;36m[Knote: [m[Kcandidate: â€˜[01m[Kvoid rclcpp::spin_some(rclcpp::node_interfaces::NodeBaseInterface::SharedPtr)[m[Kâ€™
   35 | [01;36m[Kspin_some[m[K(rclcpp::node_interfaces::NodeBaseInterface::SharedPtr node_ptr);
      | [01;36m[K^~~~~~~~~[m[K
[01m[K/home/vboxuser/ros2_humble/install/rclcpp/include/rclcpp/rclcpp/executors.hpp:35:1:[m[K [01;36m[Knote: [m[K  candidate expects 1 argument, 0 provided
[01m[K/home/vboxuser/ros2_humble/install/rclcpp/include/rclcpp/rclcpp/executors.hpp:39:1:[m[K [01;36m[Knote: [m[Kcandidate: â€˜[01m[Kvoid rclcpp::spin_some(rclcpp::Node::SharedPtr)[m[Kâ€™
   39 | [01;36m[Kspin_some[m[K(rclcpp::Node::SharedPtr node_ptr);
      | [01;36m[K^~~~~~~~~[m[K
[01m[K/home/vboxuser/ros2_humble/install/rclcpp/include/rclcpp/rclcpp/executors.hpp:39:1:[m[K [01;36m[Knote: [m[K  candidate expects 1 argument, 0 provided
[01m[K/home/vboxuser/ros2_ws/src/cpp_pubsub/src/command_pub_function.cpp:[m[K In member function â€˜[01m[Kvoid CommandPublisher::sub_callback(const String&)[m[Kâ€™:
[01m[K/home/vboxuser/ros2_ws/src/cpp_pubsub/src/command_pub_function.cpp:66:51:[m[K [01;35m[Kwarning: [m[Kunused parameter â€˜[01m[Kmsg[m[Kâ€™ [[01;35m[K]8;;https://gcc.gnu.org/onlinedocs/gcc/Warning-Options.html#index-Wunused-parameter-Wunused-parameter]8;;[m[K]
   66 |   void sub_callback([01;35m[Kconst std_msgs::msg::String & msg[m[K){
      |                     [01;35m[K~~~~~~~~~~~~~~~~~~~~~~~~~~~~~~^~~[m[K
gmake[2]: *** [CMakeFiles/command_pub.dir/build.make:76: CMakeFiles/command_pub.dir/src/command_pub_function.cpp.o] Error 1
gmake[1]: *** [CMakeFiles/Makefile2:193: CMakeFiles/command_pub.dir/all] Error 2
gmake: *** [Makefile:146: all] Error 2
