[0.049s] Invoking command in '/home/vboxuser/ros2_ws/build/cpp_pubsub': CMAKE_PREFIX_PATH=${CMAKE_PREFIX_PATH}:/home/vboxuser/ros2_humble/install/rqt_bag_plugins:/home/vboxuser/ros2_humble/install/rqt_bag:/home/vboxuser/ros2_humble/install/ros2bag:/home/vboxuser/ros2_humble/install/tracetools_test:/home/vboxuser/ros2_humble/install/tracetools_launch:/home/vboxuser/ros2_humble/install/topic_monitor:/home/vboxuser/ros2_humble/install/tf2_tools:/home/vboxuser/ros2_humble/install/examples_tf2_py:/home/vboxuser/ros2_humble/install/tf2_ros_py:/home/vboxuser/ros2_humble/install/sros2:/home/vboxuser/ros2_humble/install/rqt_topic:/home/vboxuser/ros2_humble/install/rqt_srv:/home/vboxuser/ros2_humble/install/rqt_shell:/home/vboxuser/ros2_humble/install/rqt_service_caller:/home/vboxuser/ros2_humble/install/rqt_reconfigure:/home/vboxuser/ros2_humble/install/rqt_py_console:/home/vboxuser/ros2_humble/install/rqt_publisher:/home/vboxuser/ros2_humble/install/rqt_plot:/home/vboxuser/ros2_humble/install/rqt_action:/home/vboxuser/ros2_humble/install/rqt_msg:/home/vboxuser/ros2_humble/install/rqt_console:/home/vboxuser/ros2_humble/install/rqt:/home/vboxuser/ros2_humble/install/rqt_graph:/home/vboxuser/ros2_humble/install/rqt_gui_py:/home/vboxuser/ros2_humble/install/rqt_gui:/home/vboxuser/ros2_humble/install/ros2trace:/home/vboxuser/ros2_humble/install/ros2topic:/home/vboxuser/ros2_humble/install/ros2test:/home/vboxuser/ros2_humble/install/ros2component:/home/vboxuser/ros2_humble/install/ros2param:/home/vboxuser/ros2_humble/install/ros2lifecycle:/home/vboxuser/ros2_humble/install/ros2service:/home/vboxuser/ros2_humble/install/ros2run:/home/vboxuser/ros2_humble/install/ros2launch:/home/vboxuser/ros2_humble/install/ros2pkg:/home/vboxuser/ros2_humble/install/ros2node:/home/vboxuser/ros2_humble/install/ros2multicast:/home/vboxuser/ros2_humble/install/ros2interface:/home/vboxuser/ros2_humble/install/ros2doctor:/home/vboxuser/ros2_humble/install/ros2action:/home/vboxuser/ros2_humble/install/ros2cli:/home/vboxuser/ros2_humble/install/quality_of_service_demo_py:/home/vboxuser/ros2_humble/install/lifecycle_py:/home/vboxuser/ros2_humble/install/launch_testing_ros:/home/vboxuser/ros2_humble/install/launch_ros:/home/vboxuser/ros2_humble/install/examples_rclpy_pointcloud_publisher:/home/vboxuser/ros2_humble/install/examples_rclpy_minimal_subscriber:/home/vboxuser/ros2_humble/install/examples_rclpy_minimal_service:/home/vboxuser/ros2_humble/install/examples_rclpy_minimal_publisher:/home/vboxuser/ros2_humble/install/examples_rclpy_minimal_client:/home/vboxuser/ros2_humble/install/examples_rclpy_minimal_action_server:/home/vboxuser/ros2_humble/install/examples_rclpy_minimal_action_client:/home/vboxuser/ros2_humble/install/examples_rclpy_guard_conditions:/home/vboxuser/ros2_humble/install/examples_rclpy_executors:/home/vboxuser/ros2_humble/install/demo_nodes_py:/home/vboxuser/ros2_humble/install/action_tutorials_py:/home/vboxuser/ros2_humble/install/ament_uncrustify:/home/vboxuser/ros2_humble/install/tracetools_trace:/home/vboxuser/ros2_humble/install/tracetools_read:/home/vboxuser/ros2_humble/install/test_tracetools_launch:/home/vboxuser/ros2_humble/install/test_launch_ros:/home/vboxuser/ros2_humble/install/sensor_msgs_py:/home/vboxuser/ros2_humble/install/rpyutils:/home/vboxuser/ros2_humble/install/rosidl_runtime_py:/home/vboxuser/ros2_humble/install/rosidl_cli:/home/vboxuser/ros2_humble/install/launch_pytest:/home/vboxuser/ros2_humble/install/launch_testing:/home/vboxuser/ros2_humble/install/launch_yaml:/home/vboxuser/ros2_humble/install/launch_xml:/home/vboxuser/ros2_humble/install/launch:/home/vboxuser/ros2_humble/install/osrf_pycommon:/home/vboxuser/ros2_humble/install/launch_testing_examples:/home/vboxuser/ros2_humble/install/domain_coordinator:/home/vboxuser/ros2_humble/install/ament_xmllint:/home/vboxuser/ros2_humble/install/ament_pyflakes:/home/vboxuser/ros2_humble/install/ament_pycodestyle:/home/vboxuser/ros2_humble/install/ament_pep257:/home/vboxuser/ros2_humble/install/ament_pclint:/home/vboxuser/ros2_humble/install/ament_package:/home/vboxuser/ros2_humble/install/ament_mypy:/home/vboxuser/ros2_humble/install/ament_lint_cmake:/home/vboxuser/ros2_humble/install/ament_flake8:/home/vboxuser/ros2_humble/install/ament_copyright:/home/vboxuser/ros2_humble/install/ament_lint:/home/vboxuser/ros2_humble/install/ament_index_python:/home/vboxuser/ros2_humble/install/ament_cpplint:/home/vboxuser/ros2_humble/install/ament_cppcheck:/home/vboxuser/ros2_humble/install/ament_clang_tidy:/home/vboxuser/ros2_humble/install/ament_clang_format /usr/bin/cmake --build /home/vboxuser/ros2_ws/build/cpp_pubsub -- -j4 -l4
[0.088s] -- Found ament_cmake: 1.3.3 (/home/vboxuser/ros2_humble/install/ament_cmake/share/ament_cmake/cmake)
[0.453s] -- Found rclcpp: 16.0.3 (/home/vboxuser/ros2_humble/install/rclcpp/share/rclcpp/cmake)
[0.479s] -- Found rosidl_generator_c: 3.1.4 (/home/vboxuser/ros2_humble/install/rosidl_generator_c/share/rosidl_generator_c/cmake)
[0.481s] -- Found rosidl_adapter: 3.1.4 (/home/vboxuser/ros2_humble/install/rosidl_adapter/share/rosidl_adapter/cmake)
[0.485s] -- Found rosidl_generator_cpp: 3.1.4 (/home/vboxuser/ros2_humble/install/rosidl_generator_cpp/share/rosidl_generator_cpp/cmake)
[0.516s] -- Using all available rosidl_typesupport_c: rosidl_typesupport_introspection_c;rosidl_typesupport_fastrtps_c
[0.560s] -- Using all available rosidl_typesupport_cpp: rosidl_typesupport_introspection_cpp;rosidl_typesupport_fastrtps_cpp
[0.641s] -- Found rmw_implementation_cmake: 6.1.1 (/home/vboxuser/ros2_humble/install/rmw_implementation_cmake/share/rmw_implementation_cmake/cmake)
[0.667s] -- Found rmw_fastrtps_cpp: 6.2.2 (/home/vboxuser/ros2_humble/install/rmw_fastrtps_cpp/share/rmw_fastrtps_cpp/cmake)
[0.869s] -- Using RMW implementation 'rmw_fastrtps_cpp' as default
[1.251s] -- Configuring done
[1.303s] -- Generating done
[1.307s] -- Build files have been written to: /home/vboxuser/ros2_ws/build/cpp_pubsub
[1.361s] [35m[1mConsolidate compiler generated dependencies of target talker[0m
[1.367s] [35m[1mConsolidate compiler generated dependencies of target listener[0m
[1.395s] [ 16%] [32mBuilding CXX object CMakeFiles/command_pub.dir/src/command_pub_function.cpp.o[0m
[1.608s] [ 50%] [32mBuilding CXX object CMakeFiles/listener.dir/src/subscriber_member_function.cpp.o[0m
[1.608s] [ 50%] [32mBuilding CXX object CMakeFiles/talker.dir/src/publisher_member_function.cpp.o[0m
[1.747s] [01m[K/home/vboxuser/ros2_ws/src/cpp_pubsub/src/publisher_member_function.cpp:20:10:[m[K [01;31m[Kfatal error: [m[Krcl cpp/rclcpp.hpp: No such file or directory
[1.747s]    20 | #include [01;31m[K"rcl cpp/rclcpp.hpp"[m[K
[1.747s]       |          [01;31m[K^~~~~~~~~~~~~~~~~~~~[m[K
[1.747s] compilation terminated.
[1.749s] gmake[2]: *** [CMakeFiles/talker.dir/build.make:76: CMakeFiles/talker.dir/src/publisher_member_function.cpp.o] Error 1
[1.749s] gmake[1]: *** [CMakeFiles/Makefile2:141: CMakeFiles/talker.dir/all] Error 2
[1.750s] gmake[1]: *** Waiting for unfinished jobs....
[5.603s] [01m[K/home/vboxuser/ros2_ws/src/cpp_pubsub/src/command_pub_function.cpp:[m[K In constructor â€˜[01m[KCommandPublisher::CommandPublisher()[m[Kâ€™:
[5.603s] [01m[K/home/vboxuser/ros2_ws/src/cpp_pubsub/src/command_pub_function.cpp:37:31:[m[K [01;31m[Kerror: [m[Kâ€˜[01m[KCommandSubscriber[m[Kâ€™ has not been declared
[5.603s]    37 |       "topic", 10, std::bind(&[01;31m[KCommandSubscriber[m[K::sub_callback, this, _1));
[5.603s]       |                               [01;31m[K^~~~~~~~~~~~~~~~~[m[K
[5.604s] [01m[K/home/vboxuser/ros2_ws/src/cpp_pubsub/src/command_pub_function.cpp:37:70:[m[K [01;31m[Kerror: [m[Kâ€˜[01m[K_1[m[Kâ€™ was not declared in this scope; did you mean â€˜[01m[Kstd::placeholders::_1[m[Kâ€™?
[5.604s]    37 |       "topic", 10, std::bind(&CommandSubscriber::sub_callback, this, [01;31m[K_1[m[K));
[5.604s]       |                                                                      [01;31m[K^~[m[K
[5.604s]       |                                                                      [32m[Kstd::placeholders::_1[m[K
[5.604s] In file included from [01m[K/home/vboxuser/ros2_ws/src/cpp_pubsub/src/command_pub_function.cpp:16[m[K:
[5.604s] [01m[K/usr/include/c++/11/functional:225:34:[m[K [01;36m[Knote: [m[Kâ€˜[01m[Kstd::placeholders::_1[m[Kâ€™ declared here
[5.604s]   225 |     extern const _Placeholder<1> [01;36m[K_1[m[K;
[5.604s]       |                                  [01;36m[K^~[m[K
[5.618s] In file included from [01m[K/home/vboxuser/ros2_humble/install/rclcpp/include/rclcpp/rclcpp/client.hpp:40[m[K,
[5.618s]                  from [01m[K/home/vboxuser/ros2_humble/install/rclcpp/include/rclcpp/rclcpp/callback_group.hpp:24[m[K,
[5.619s]                  from [01m[K/home/vboxuser/ros2_humble/install/rclcpp/include/rclcpp/rclcpp/any_executable.hpp:20[m[K,
[5.619s]                  from [01m[K/home/vboxuser/ros2_humble/install/rclcpp/include/rclcpp/rclcpp/memory_strategy.hpp:25[m[K,
[5.619s]                  from [01m[K/home/vboxuser/ros2_humble/install/rclcpp/include/rclcpp/rclcpp/memory_strategies.hpp:18[m[K,
[5.619s]                  from [01m[K/home/vboxuser/ros2_humble/install/rclcpp/include/rclcpp/rclcpp/executor_options.hpp:20[m[K,
[5.619s]                  from [01m[K/home/vboxuser/ros2_humble/install/rclcpp/include/rclcpp/rclcpp/executor.hpp:37[m[K,
[5.619s]                  from [01m[K/home/vboxuser/ros2_humble/install/rclcpp/include/rclcpp/rclcpp/executors/multi_threaded_executor.hpp:25[m[K,
[5.619s]                  from [01m[K/home/vboxuser/ros2_humble/install/rclcpp/include/rclcpp/rclcpp/executors.hpp:21[m[K,
[5.619s]                  from [01m[K/home/vboxuser/ros2_humble/install/rclcpp/include/rclcpp/rclcpp/rclcpp.hpp:155[m[K,
[5.619s]                  from [01m[K/home/vboxuser/ros2_ws/src/cpp_pubsub/src/command_pub_function.cpp:20[m[K:
[5.619s] [01m[K/home/vboxuser/ros2_ws/src/cpp_pubsub/src/command_pub_function.cpp:[m[K In member function â€˜[01m[Kvoid CommandPublisher::publish_message(std::string)[m[Kâ€™:
[5.619s] [01m[K/home/vboxuser/ros2_ws/src/cpp_pubsub/src/command_pub_function.cpp:49:5:[m[K [01;31m[Kerror: [m[Kexpected â€˜[01m[K;[m[Kâ€™ before â€˜[01m[Kdo[m[Kâ€™
[5.619s]    49 |     [01;31m[KRCLCPP_INFO[m[K(this->get_logger(), "Publishing: '%s'", message.data.c_str());
[5.619s]       |     [01;31m[K^~~~~~~~~~~[m[K
[5.619s] [01m[K/home/vboxuser/ros2_ws/src/cpp_pubsub/src/command_pub_function.cpp:52:3:[m[K [01;31m[Kerror: [m[Kexpected â€˜[01m[K;[m[Kâ€™ before â€˜[01m[K}[m[Kâ€™ token
[5.619s]    52 |   [01;31m[K}[m[K
[5.619s]       |   [01;31m[K^[m[K
[5.620s] [01m[K/home/vboxuser/ros2_ws/src/cpp_pubsub/src/command_pub_function.cpp:[m[K In member function â€˜[01m[Kvoid CommandPublisher::timer_callback()[m[Kâ€™:
[5.620s] [01m[K/home/vboxuser/ros2_ws/src/cpp_pubsub/src/command_pub_function.cpp:60:15:[m[K [01;31m[Kerror: [m[Kâ€˜[01m[Kspinonce[m[Kâ€™ is not a member of â€˜[01m[Krclcpp[m[Kâ€™
[5.620s]    60 |       rclcpp::[01;31m[Kspinonce[m[K();
[5.620s]       |               [01;31m[K^~~~~~~~[m[K
[5.621s] [01m[K/home/vboxuser/ros2_ws/src/cpp_pubsub/src/command_pub_function.cpp:[m[K In member function â€˜[01m[Kvoid CommandPublisher::sub_callback()[m[Kâ€™:
[5.621s] [01m[K/home/vboxuser/ros2_ws/src/cpp_pubsub/src/command_pub_function.cpp:67:12:[m[K [01;31m[Kerror: [m[Kâ€˜[01m[Kout[m[Kâ€™ is not a member of â€˜[01m[Kstd[m[Kâ€™; did you mean â€˜[01m[Koct[m[Kâ€™?
[5.621s]    67 |       std::[01;31m[Kout[m[K("Message received")
[5.621s]       |            [01;31m[K^~~[m[K
[5.621s]       |            [32m[Koct[m[K
[5.624s] [01m[K/home/vboxuser/ros2_ws/src/cpp_pubsub/src/command_pub_function.cpp:[m[K In function â€˜[01m[Kint main(int, char**)[m[Kâ€™:
[5.624s] [01m[K/home/vboxuser/ros2_ws/src/cpp_pubsub/src/command_pub_function.cpp:85:51:[m[K [01;31m[Kerror: [m[Kexpected â€˜[01m[K,[m[Kâ€™ or â€˜[01m[K;[m[Kâ€™ before â€˜[01m[K)[m[Kâ€™ token
[5.624s]    85 |   auto node = std::make_shared<CommandPublisher>()[01;31m[K)[m[K;
[5.624s]       |                                                   [01;31m[K^[m[K
[6.800s] gmake[2]: *** [CMakeFiles/command_pub.dir/build.make:76: CMakeFiles/command_pub.dir/src/command_pub_function.cpp.o] Error 1
[6.802s] gmake[1]: *** [CMakeFiles/Makefile2:193: CMakeFiles/command_pub.dir/all] Error 2
[10.865s] [ 66%] [32m[1mLinking CXX executable listener[0m
[11.886s] [ 66%] Built target listener
[11.887s] gmake: *** [Makefile:146: all] Error 2
[11.890s] Invoked command in '/home/vboxuser/ros2_ws/build/cpp_pubsub' returned '2': CMAKE_PREFIX_PATH=${CMAKE_PREFIX_PATH}:/home/vboxuser/ros2_humble/install/rqt_bag_plugins:/home/vboxuser/ros2_humble/install/rqt_bag:/home/vboxuser/ros2_humble/install/ros2bag:/home/vboxuser/ros2_humble/install/tracetools_test:/home/vboxuser/ros2_humble/install/tracetools_launch:/home/vboxuser/ros2_humble/install/topic_monitor:/home/vboxuser/ros2_humble/install/tf2_tools:/home/vboxuser/ros2_humble/install/examples_tf2_py:/home/vboxuser/ros2_humble/install/tf2_ros_py:/home/vboxuser/ros2_humble/install/sros2:/home/vboxuser/ros2_humble/install/rqt_topic:/home/vboxuser/ros2_humble/install/rqt_srv:/home/vboxuser/ros2_humble/install/rqt_shell:/home/vboxuser/ros2_humble/install/rqt_service_caller:/home/vboxuser/ros2_humble/install/rqt_reconfigure:/home/vboxuser/ros2_humble/install/rqt_py_console:/home/vboxuser/ros2_humble/install/rqt_publisher:/home/vboxuser/ros2_humble/install/rqt_plot:/home/vboxuser/ros2_humble/install/rqt_action:/home/vboxuser/ros2_humble/install/rqt_msg:/home/vboxuser/ros2_humble/install/rqt_console:/home/vboxuser/ros2_humble/install/rqt:/home/vboxuser/ros2_humble/install/rqt_graph:/home/vboxuser/ros2_humble/install/rqt_gui_py:/home/vboxuser/ros2_humble/install/rqt_gui:/home/vboxuser/ros2_humble/install/ros2trace:/home/vboxuser/ros2_humble/install/ros2topic:/home/vboxuser/ros2_humble/install/ros2test:/home/vboxuser/ros2_humble/install/ros2component:/home/vboxuser/ros2_humble/install/ros2param:/home/vboxuser/ros2_humble/install/ros2lifecycle:/home/vboxuser/ros2_humble/install/ros2service:/home/vboxuser/ros2_humble/install/ros2run:/home/vboxuser/ros2_humble/install/ros2launch:/home/vboxuser/ros2_humble/install/ros2pkg:/home/vboxuser/ros2_humble/install/ros2node:/home/vboxuser/ros2_humble/install/ros2multicast:/home/vboxuser/ros2_humble/install/ros2interface:/home/vboxuser/ros2_humble/install/ros2doctor:/home/vboxuser/ros2_humble/install/ros2action:/home/vboxuser/ros2_humble/install/ros2cli:/home/vboxuser/ros2_humble/install/quality_of_service_demo_py:/home/vboxuser/ros2_humble/install/lifecycle_py:/home/vboxuser/ros2_humble/install/launch_testing_ros:/home/vboxuser/ros2_humble/install/launch_ros:/home/vboxuser/ros2_humble/install/examples_rclpy_pointcloud_publisher:/home/vboxuser/ros2_humble/install/examples_rclpy_minimal_subscriber:/home/vboxuser/ros2_humble/install/examples_rclpy_minimal_service:/home/vboxuser/ros2_humble/install/examples_rclpy_minimal_publisher:/home/vboxuser/ros2_humble/install/examples_rclpy_minimal_client:/home/vboxuser/ros2_humble/install/examples_rclpy_minimal_action_server:/home/vboxuser/ros2_humble/install/examples_rclpy_minimal_action_client:/home/vboxuser/ros2_humble/install/examples_rclpy_guard_conditions:/home/vboxuser/ros2_humble/install/examples_rclpy_executors:/home/vboxuser/ros2_humble/install/demo_nodes_py:/home/vboxuser/ros2_humble/install/action_tutorials_py:/home/vboxuser/ros2_humble/install/ament_uncrustify:/home/vboxuser/ros2_humble/install/tracetools_trace:/home/vboxuser/ros2_humble/install/tracetools_read:/home/vboxuser/ros2_humble/install/test_tracetools_launch:/home/vboxuser/ros2_humble/install/test_launch_ros:/home/vboxuser/ros2_humble/install/sensor_msgs_py:/home/vboxuser/ros2_humble/install/rpyutils:/home/vboxuser/ros2_humble/install/rosidl_runtime_py:/home/vboxuser/ros2_humble/install/rosidl_cli:/home/vboxuser/ros2_humble/install/launch_pytest:/home/vboxuser/ros2_humble/install/launch_testing:/home/vboxuser/ros2_humble/install/launch_yaml:/home/vboxuser/ros2_humble/install/launch_xml:/home/vboxuser/ros2_humble/install/launch:/home/vboxuser/ros2_humble/install/osrf_pycommon:/home/vboxuser/ros2_humble/install/launch_testing_examples:/home/vboxuser/ros2_humble/install/domain_coordinator:/home/vboxuser/ros2_humble/install/ament_xmllint:/home/vboxuser/ros2_humble/install/ament_pyflakes:/home/vboxuser/ros2_humble/install/ament_pycodestyle:/home/vboxuser/ros2_humble/install/ament_pep257:/home/vboxuser/ros2_humble/install/ament_pclint:/home/vboxuser/ros2_humble/install/ament_package:/home/vboxuser/ros2_humble/install/ament_mypy:/home/vboxuser/ros2_humble/install/ament_lint_cmake:/home/vboxuser/ros2_humble/install/ament_flake8:/home/vboxuser/ros2_humble/install/ament_copyright:/home/vboxuser/ros2_humble/install/ament_lint:/home/vboxuser/ros2_humble/install/ament_index_python:/home/vboxuser/ros2_humble/install/ament_cpplint:/home/vboxuser/ros2_humble/install/ament_cppcheck:/home/vboxuser/ros2_humble/install/ament_clang_tidy:/home/vboxuser/ros2_humble/install/ament_clang_format /usr/bin/cmake --build /home/vboxuser/ros2_ws/build/cpp_pubsub -- -j4 -l4
