[01m[K/home/vboxuser/ros2_ws/src/cpp_pubsub/src/command_pub_function.cpp:[m[K In member function â€˜[01m[Kvoid CommandPublisher::timer_callback()[m[Kâ€™:
[01m[K/home/vboxuser/ros2_ws/src/cpp_pubsub/src/command_pub_function.cpp:61:11:[m[K [01;31m[Kerror: [m[Kâ€˜[01m[Kcout[m[Kâ€™ was not declared in this scope; did you mean â€˜[01m[Kstd::cout[m[Kâ€™?
   61 |       std:[01;31m[Kcout[m[K << "check";
      |           [01;31m[K^~~~[m[K
      |           [32m[Kstd::cout[m[K
In file included from [01m[K/home/vboxuser/ros2_humble/install/rclcpp/include/rclcpp/rclcpp/executor.hpp:22[m[K,
                 from [01m[K/home/vboxuser/ros2_humble/install/rclcpp/include/rclcpp/rclcpp/executors/multi_threaded_executor.hpp:25[m[K,
                 from [01m[K/home/vboxuser/ros2_humble/install/rclcpp/include/rclcpp/rclcpp/executors.hpp:21[m[K,
                 from [01m[K/home/vboxuser/ros2_humble/install/rclcpp/include/rclcpp/rclcpp/rclcpp.hpp:155[m[K,
                 from [01m[K/home/vboxuser/ros2_ws/src/cpp_pubsub/src/command_pub_function.cpp:20[m[K:
[01m[K/usr/include/c++/11/iostream:61:18:[m[K [01;36m[Knote: [m[Kâ€˜[01m[Kstd::cout[m[Kâ€™ declared here
   61 |   extern ostream [01;36m[Kcout[m[K;          /// Linked to standard output
      |                  [01;36m[K^~~~[m[K
[01m[K/home/vboxuser/ros2_ws/src/cpp_pubsub/src/command_pub_function.cpp:59:5:[m[K [01;35m[Kwarning: [m[Kthis â€˜[01m[Kif[m[Kâ€™ clause does not guard... [[01;35m[K]8;;https://gcc.gnu.org/onlinedocs/gcc/Warning-Options.html#index-Wmisleading-indentation-Wmisleading-indentation]8;;[m[K]
   59 |     [01;35m[Kif[m[K(waiting_message==1)
      |     [01;35m[K^~[m[K
[01m[K/home/vboxuser/ros2_ws/src/cpp_pubsub/src/command_pub_function.cpp:62:7:[m[K [01;36m[Knote: [m[K...this statement, but the latter is misleadingly indented as if it were guarded by the â€˜[01m[Kif[m[Kâ€™
   62 |       [01;36m[Krclcpp[m[K::spin_some(shared_from_this());
      |       [01;36m[K^~~~~~[m[K
[01m[K/home/vboxuser/ros2_ws/src/cpp_pubsub/src/command_pub_function.cpp:61:7:[m[K [01;35m[Kwarning: [m[Klabel â€˜[01m[Kstd[m[Kâ€™ defined but not used [[01;35m[K]8;;https://gcc.gnu.org/onlinedocs/gcc/Warning-Options.html#index-Wunused-label-Wunused-label]8;;[m[K]
   61 |       [01;35m[Kstd[m[K:cout << "check";
      |       [01;35m[K^~~[m[K
gmake[2]: *** [CMakeFiles/command_pub.dir/build.make:76: CMakeFiles/command_pub.dir/src/command_pub_function.cpp.o] Error 1
gmake[1]: *** [CMakeFiles/Makefile2:193: CMakeFiles/command_pub.dir/all] Error 2
gmake: *** [Makefile:146: all] Error 2
